# JRE version: OpenJDK Runtime Environment Microsoft-40648 (11.0.16.1+1) (build 11.0.16.1+1-LTS)
# Java VM: OpenJDK 64-Bit Server VM Microsoft-40648 (11.0.16.1+1-LTS, mixed mode, tiered, compressed oops, g1 gc, windows-amd64)
Heap:
 garbage-first heap   total 474112K, used 324002K [0x0000000700000000, 0x0000000800000000)
  region size 1024K, 42 young (43008K), 9 survivors (9216K)
 Metaspace       used 109964K, capacity 118400K, committed 118664K, reserved 1150976K
  class space    used 14461K, capacity 17469K, committed 17536K, reserved 1048576K
GC Heap History (20 events):
Event: 113.417 GC heap before
{Heap before GC invocations=44 (full 0):
 garbage-first heap   total 276480K, used 181637K [0x0000000700000000, 0x0000000800000000)
  region size 1024K, 13 young (13312K), 4 survivors (4096K)
 Metaspace       used 105523K, capacity 111959K, committed 112264K, reserved 1144832K
  class space    used 13884K, capacity 16205K, committed 16256K, reserved 1048576K
}
Event: 113.437 GC heap after
{Heap after GC invocations=45 (full 0):
 garbage-first heap   total 276480K, used 175521K [0x0000000700000000, 0x0000000800000000)
  region size 1024K, 2 young (2048K), 2 survivors (2048K)
 Metaspace       used 105523K, capacity 111959K, committed 112264K, reserved 1144832K
  class space    used 13884K, capacity 16205K, committed 16256K, reserved 1048576K
}
Event: 115.086 GC heap before
{Heap before GC invocations=46 (full 0):
 garbage-first heap   total 276480K, used 213409K [0x0000000700000000, 0x0000000800000000)
  region size 1024K, 33 young (33792K), 2 survivors (2048K)
 Metaspace       used 105821K, capacity 112536K, committed 112648K, reserved 1146880K
  class space    used 13931K, capacity 16374K, committed 16384K, reserved 1048576K
}
Event: 115.107 GC heap after
{Heap after GC invocations=47 (full 0):
 garbage-first heap   total 276480K, used 190659K [0x0000000700000000, 0x0000000800000000)
  region size 1024K, 5 young (5120K), 5 survivors (5120K)
 Metaspace       used 105821K, capacity 112536K, committed 112648K, reserved 1146880K
  class space    used 13931K, capacity 16374K, committed 16384K, reserved 1048576K
}
Event: 116.151 GC heap before
{Heap before GC invocations=47 (full 0):
 garbage-first heap   total 276480K, used 218307K [0x0000000700000000, 0x0000000800000000)
  region size 1024K, 32 young (32768K), 5 survivors (5120K)
 Metaspace       used 106124K, capacity 113154K, committed 113288K, reserved 1146880K
  class space    used 13978K, capacity 16472K, committed 16512K, reserved 1048576K
}
Event: 116.181 GC heap after
{Heap after GC invocations=48 (full 0):
 garbage-first heap   total 276480K, used 195033K [0x0000000700000000, 0x0000000800000000)
  region size 1024K, 4 young (4096K), 4 survivors (4096K)
 Metaspace       used 106124K, capacity 113154K, committed 113288K, reserved 1146880K
  class space    used 13978K, capacity 16472K, committed 16512K, reserved 1048576K
}
Event: 117.403 GC heap before
{Heap before GC invocations=48 (full 0):
 garbage-first heap   total 276480K, used 225753K [0x0000000700000000, 0x0000000800000000)
  region size 1024K, 30 young (30720K), 4 survivors (4096K)
 Metaspace       used 106304K, capacity 113517K, committed 113672K, reserved 1146880K
  class space    used 14013K, capacity 16568K, committed 16640K, reserved 1048576K
}
Event: 117.436 GC heap after
{Heap after GC invocations=49 (full 0):
 garbage-first heap   total 363520K, used 206655K [0x0000000700000000, 0x0000000800000000)
  region size 1024K, 4 young (4096K), 4 survivors (4096K)
 Metaspace       used 106304K, capacity 113517K, committed 113672K, reserved 1146880K
  class space    used 14013K, capacity 16568K, committed 16640K, reserved 1048576K
}
Event: 118.853 GC heap before
{Heap before GC invocations=50 (full 0):
 garbage-first heap   total 363520K, used 254782K [0x0000000700000000, 0x0000000800000000)
  region size 1024K, 51 young (52224K), 4 survivors (4096K)
 Metaspace       used 106815K, capacity 114500K, committed 114696K, reserved 1146880K
  class space    used 14112K, capacity 16785K, committed 16896K, reserved 1048576K
}
Event: 118.887 GC heap after
{Heap after GC invocations=51 (full 0):
 garbage-first heap   total 363520K, used 218925K [0x0000000700000000, 0x0000000800000000)
  region size 1024K, 7 young (7168K), 7 survivors (7168K)
 Metaspace       used 106815K, capacity 114500K, committed 114696K, reserved 1146880K
  class space    used 14112K, capacity 16785K, committed 16896K, reserved 1048576K
}
Event: 120.453 GC heap before
{Heap before GC invocations=52 (full 0):
 garbage-first heap   total 363520K, used 266029K [0x0000000700000000, 0x0000000800000000)
  region size 1024K, 51 young (52224K), 7 survivors (7168K)
 Metaspace       used 107126K, capacity 115132K, committed 115336K, reserved 1148928K
  class space    used 14174K, capacity 16993K, committed 17024K, reserved 1048576K
}
Event: 120.495 GC heap after
{Heap after GC invocations=53 (full 0):
 garbage-first heap   total 363520K, used 235520K [0x0000000700000000, 0x0000000800000000)
  region size 1024K, 7 young (7168K), 7 survivors (7168K)
 Metaspace       used 107126K, capacity 115132K, committed 115336K, reserved 1148928K
  class space    used 14174K, capacity 16993K, committed 17024K, reserved 1048576K
}
Event: 122.088 GC heap before
{Heap before GC invocations=54 (full 0):
 garbage-first heap   total 363520K, used 286720K [0x0000000700000000, 0x0000000800000000)
  region size 1024K, 51 young (52224K), 7 survivors (7168K)
 Metaspace       used 108085K, capacity 116407K, committed 116744K, reserved 1148928K
  class space    used 14318K, capacity 17303K, committed 17408K, reserved 1048576K
}
Event: 122.133 GC heap after
{Heap after GC invocations=55 (full 0):
 garbage-first heap   total 363520K, used 251712K [0x0000000700000000, 0x0000000800000000)
  region size 1024K, 7 young (7168K), 7 survivors (7168K)
 Metaspace       used 108085K, capacity 116407K, committed 116744K, reserved 1148928K
  class space    used 14318K, capacity 17303K, committed 17408K, reserved 1048576K
}
Event: 123.293 GC heap before
{Heap before GC invocations=55 (full 0):
 garbage-first heap   total 363520K, used 291648K [0x0000000700000000, 0x0000000800000000)
  region size 1024K, 46 young (47104K), 7 survivors (7168K)
 Metaspace       used 108617K, capacity 117080K, committed 117256K, reserved 1148928K
  class space    used 14358K, capacity 17374K, committed 17408K, reserved 1048576K
}
Event: 123.351 GC heap after
{Heap after GC invocations=56 (full 0):
 garbage-first heap   total 474112K, used 264528K [0x0000000700000000, 0x0000000800000000)
  region size 1024K, 6 young (6144K), 6 survivors (6144K)
 Metaspace       used 108617K, capacity 117080K, committed 117256K, reserved 1148928K
  class space    used 14358K, capacity 17374K, committed 17408K, reserved 1048576K
}
Event: 126.153 GC heap before
{Heap before GC invocations=57 (full 0):
 garbage-first heap   total 474112K, used 332112K [0x0000000700000000, 0x0000000800000000)
  region size 1024K, 72 young (73728K), 6 survivors (6144K)
 Metaspace       used 109552K, capacity 118085K, committed 118408K, reserved 1150976K
  class space    used 14445K, capacity 17458K, committed 17536K, reserved 1048576K
}
Event: 126.273 GC heap after
{Heap after GC invocations=58 (full 0):
 garbage-first heap   total 474112K, used 281088K [0x0000000700000000, 0x0000000800000000)
  region size 1024K, 9 young (9216K), 9 survivors (9216K)
 Metaspace       used 109552K, capacity 118085K, committed 118408K, reserved 1150976K
  class space    used 14445K, capacity 17458K, committed 17536K, reserved 1048576K
}
Event: 127.573 GC heap before
{Heap before GC invocations=58 (full 0):
 garbage-first heap   total 474112K, used 346624K [0x0000000700000000, 0x0000000800000000)
  region size 1024K, 73 young (74752K), 9 survivors (9216K)
 Metaspace       used 109864K, capacity 118314K, committed 118408K, reserved 1150976K
  class space    used 14457K, capacity 17463K, committed 17536K, reserved 1048576K
}
Event: 127.645 GC heap after
{Heap after GC invocations=59 (full 0):
 garbage-first heap   total 474112K, used 291234K [0x0000000700000000, 0x0000000800000000)
  region size 1024K, 9 young (9216K), 9 survivors (9216K)
 Metaspace       used 109864K, capacity 118314K, committed 118408K, reserved 1150976K
  class space    used 14457K, capacity 17463K, committed 17536K, reserved 1048576K
}

