# JRE version: OpenJDK Runtime Environment Microsoft-40648 (11.0.16.1+1) (build 11.0.16.1+1-LTS)
# Java VM: OpenJDK 64-Bit Server VM Microsoft-40648 (11.0.16.1+1-LTS, mixed mode, tiered, compressed oops, g1 gc, windows-amd64)
Heap:
 garbage-first heap   total 433152K, used 259366K [0x0000000700000000, 0x0000000800000000)
  region size 1024K, 12 young (12288K), 10 survivors (10240K)
 Metaspace       used 108590K, capacity 117069K, committed 117256K, reserved 1148928K
  class space    used 14359K, capacity 17371K, committed 17408K, reserved 1048576K
GC Heap History (20 events):
Event: 76.749 GC heap before
{Heap before GC invocations=48 (full 0):
 garbage-first heap   total 225280K, used 144799K [0x0000000700000000, 0x0000000800000000)
  region size 1024K, 11 young (11264K), 3 survivors (3072K)
 Metaspace       used 101419K, capacity 106228K, committed 106376K, reserved 1140736K
  class space    used 13335K, capacity 15230K, committed 15232K, reserved 1048576K
}
Event: 76.760 GC heap after
{Heap after GC invocations=49 (full 0):
 garbage-first heap   total 225280K, used 138579K [0x0000000700000000, 0x0000000800000000)
  region size 1024K, 2 young (2048K), 2 survivors (2048K)
 Metaspace       used 101419K, capacity 106228K, committed 106376K, reserved 1140736K
  class space    used 13335K, capacity 15230K, committed 15232K, reserved 1048576K
}
Event: 76.969 GC heap before
{Heap before GC invocations=49 (full 0):
 garbage-first heap   total 225280K, used 146771K [0x0000000700000000, 0x0000000800000000)
  region size 1024K, 12 young (12288K), 2 survivors (2048K)
 Metaspace       used 101564K, capacity 106522K, committed 106760K, reserved 1140736K
  class space    used 13354K, capacity 15262K, committed 15360K, reserved 1048576K
}
Event: 76.978 GC heap after
{Heap after GC invocations=50 (full 0):
 garbage-first heap   total 225280K, used 139187K [0x0000000700000000, 0x0000000800000000)
  region size 1024K, 3 young (3072K), 3 survivors (3072K)
 Metaspace       used 101564K, capacity 106522K, committed 106760K, reserved 1140736K
  class space    used 13354K, capacity 15262K, committed 15360K, reserved 1048576K
}
Event: 77.886 GC heap before
{Heap before GC invocations=51 (full 0):
 garbage-first heap   total 225280K, used 165811K [0x0000000700000000, 0x0000000800000000)
  region size 1024K, 26 young (26624K), 3 survivors (3072K)
 Metaspace       used 101912K, capacity 107271K, committed 107400K, reserved 1140736K
  class space    used 13405K, capacity 15399K, committed 15488K, reserved 1048576K
}
Event: 77.903 GC heap after
{Heap after GC invocations=52 (full 0):
 garbage-first heap   total 225280K, used 150350K [0x0000000700000000, 0x0000000800000000)
  region size 1024K, 5 young (5120K), 5 survivors (5120K)
 Metaspace       used 101912K, capacity 107271K, committed 107400K, reserved 1140736K
  class space    used 13405K, capacity 15399K, committed 15488K, reserved 1048576K
}
Event: 78.667 GC heap before
{Heap before GC invocations=52 (full 0):
 garbage-first heap   total 225280K, used 179022K [0x0000000700000000, 0x0000000800000000)
  region size 1024K, 32 young (32768K), 5 survivors (5120K)
 Metaspace       used 102889K, capacity 108228K, committed 108296K, reserved 1142784K
  class space    used 13524K, capacity 15587K, committed 15616K, reserved 1048576K
}
Event: 78.692 GC heap after
{Heap after GC invocations=53 (full 0):
 garbage-first heap   total 303104K, used 157962K [0x0000000700000000, 0x0000000800000000)
  region size 1024K, 4 young (4096K), 4 survivors (4096K)
 Metaspace       used 102889K, capacity 108228K, committed 108296K, reserved 1142784K
  class space    used 13524K, capacity 15587K, committed 15616K, reserved 1048576K
}
Event: 80.249 GC heap before
{Heap before GC invocations=54 (full 0):
 garbage-first heap   total 303104K, used 214282K [0x0000000700000000, 0x0000000800000000)
  region size 1024K, 59 young (60416K), 4 survivors (4096K)
 Metaspace       used 105152K, capacity 111117K, committed 111368K, reserved 1144832K
  class space    used 13820K, capacity 16038K, committed 16128K, reserved 1048576K
}
Event: 80.273 GC heap after
{Heap after GC invocations=55 (full 0):
 garbage-first heap   total 303104K, used 166812K [0x0000000700000000, 0x0000000800000000)
  region size 1024K, 8 young (8192K), 8 survivors (8192K)
 Metaspace       used 105152K, capacity 111117K, committed 111368K, reserved 1144832K
  class space    used 13820K, capacity 16038K, committed 16128K, reserved 1048576K
}
Event: 81.290 GC heap before
{Heap before GC invocations=55 (full 0):
 garbage-first heap   total 303104K, used 201628K [0x0000000700000000, 0x0000000800000000)
  region size 1024K, 43 young (44032K), 8 survivors (8192K)
 Metaspace       used 105567K, capacity 112021K, committed 112264K, reserved 1144832K
  class space    used 13886K, capacity 16203K, committed 16256K, reserved 1048576K
}
Event: 81.317 GC heap after
{Heap after GC invocations=56 (full 0):
 garbage-first heap   total 303104K, used 175170K [0x0000000700000000, 0x0000000800000000)
  region size 1024K, 8 young (8192K), 8 survivors (8192K)
 Metaspace       used 105567K, capacity 112021K, committed 112264K, reserved 1144832K
  class space    used 13886K, capacity 16203K, committed 16256K, reserved 1048576K
}
Event: 83.041 GC heap before
{Heap before GC invocations=57 (full 0):
 garbage-first heap   total 303104K, used 230466K [0x0000000700000000, 0x0000000800000000)
  region size 1024K, 55 young (56320K), 8 survivors (8192K)
 Metaspace       used 106158K, capacity 113143K, committed 113288K, reserved 1146880K
  class space    used 13979K, capacity 16468K, committed 16512K, reserved 1048576K
}
Event: 83.068 GC heap after
{Heap after GC invocations=58 (full 0):
 garbage-first heap   total 303104K, used 193854K [0x0000000700000000, 0x0000000800000000)
  region size 1024K, 7 young (7168K), 7 survivors (7168K)
 Metaspace       used 106158K, capacity 113143K, committed 113288K, reserved 1146880K
  class space    used 13979K, capacity 16468K, committed 16512K, reserved 1048576K
}
Event: 83.431 GC heap before
{Heap before GC invocations=58 (full 0):
 garbage-first heap   total 303104K, used 210238K [0x0000000700000000, 0x0000000800000000)
  region size 1024K, 25 young (25600K), 7 survivors (7168K)
 Metaspace       used 106215K, capacity 113302K, committed 113544K, reserved 1146880K
  class space    used 13985K, capacity 16476K, committed 16512K, reserved 1048576K
}
Event: 83.456 GC heap after
{Heap after GC invocations=59 (full 0):
 garbage-first heap   total 433152K, used 197606K [0x0000000700000000, 0x0000000800000000)
  region size 1024K, 3 young (3072K), 3 survivors (3072K)
 Metaspace       used 106215K, capacity 113302K, committed 113544K, reserved 1146880K
  class space    used 13985K, capacity 16476K, committed 16512K, reserved 1048576K
}
Event: 85.799 GC heap before
{Heap before GC invocations=60 (full 0):
 garbage-first heap   total 433152K, used 271334K [0x0000000700000000, 0x0000000800000000)
  region size 1024K, 70 young (71680K), 3 survivors (3072K)
 Metaspace       used 106882K, capacity 114562K, committed 114696K, reserved 1146880K
  class space    used 14114K, capacity 16783K, committed 16896K, reserved 1048576K
}
Event: 85.826 GC heap after
{Heap after GC invocations=61 (full 0):
 garbage-first heap   total 433152K, used 218870K [0x0000000700000000, 0x0000000800000000)
  region size 1024K, 10 young (10240K), 10 survivors (10240K)
 Metaspace       used 106882K, capacity 114562K, committed 114696K, reserved 1146880K
  class space    used 14114K, capacity 16783K, committed 16896K, reserved 1048576K
}
Event: 87.163 GC heap before
{Heap before GC invocations=62 (full 0):
 garbage-first heap   total 433152K, used 263926K [0x0000000700000000, 0x0000000800000000)
  region size 1024K, 53 young (54272K), 10 survivors (10240K)
 Metaspace       used 107201K, capacity 115194K, committed 115336K, reserved 1148928K
  class space    used 14176K, capacity 16991K, committed 17024K, reserved 1048576K
}
Event: 87.193 GC heap after
{Heap after GC invocations=63 (full 0):
 garbage-first heap   total 433152K, used 233816K [0x0000000700000000, 0x0000000800000000)
  region size 1024K, 11 young (11264K), 11 survivors (11264K)
 Metaspace       used 107201K, capacity 115194K, committed 115336K, reserved 1148928K
  class space    used 14176K, capacity 16991K, committed 17024K, reserved 1048576K
}

